<?xml version="1.0" encoding="UTF-8"?>
<!-- Generated by org.testng.reporters.JUnitXMLReporter -->
<testsuite ignored="0" hostname="DESKTOP-9J71T9J" failures="0" tests="5" name="Default test" time="0.098" errors="0" timestamp="2024-02-15T14:14:51 IST">
  <testcase classname="com.grup.Grrouping$Ggroup" name="f" time="0.011"/>
  <testcase classname="com.grup.Grrouping$Ggroup" name="f1" time="0.002"/>
  <testcase classname="com.grup.Grrouping$Ggroup" name="f2" time="0.003"/>
  <testcase classname="com.grup.Grrouping$Ggroup" name="f3" time="0.006"/>
  <testcase classname="com.grup.Grrouping$Ggroup" name="f4" time="0.002"/>
</testsuite> <!-- Default test -->
