<?xml version="1.0" encoding="UTF-8"?>
<testng-results ignored="0" total="2" passed="2" failed="0" skipped="0">
  <reporter-output>
  </reporter-output>
  <suite started-at="2024-02-19T12:52:29 IST" name="Suite" finished-at="2024-02-19T12:52:35 IST" duration-ms="6046">
    <groups>
    </groups>
    <test started-at="2024-02-19T12:52:29 IST" name="Test" finished-at="2024-02-19T12:52:35 IST" duration-ms="6046">
      <class name="org.paralel.Parallel_test">
        <test-method signature="f()[pri:0, instance:org.paralel.Parallel_test@4229bb3f]" started-at="2024-02-19T12:52:29 IST" name="f" finished-at="2024-02-19T12:52:35 IST" duration-ms="5962" status="PASS">
          <reporter-output>
          </reporter-output>
        </test-method> <!-- f -->
        <test-method signature="f1()[pri:0, instance:org.paralel.Parallel_test@4229bb3f]" started-at="2024-02-19T12:52:29 IST" name="f1" finished-at="2024-02-19T12:52:35 IST" duration-ms="5900" status="PASS">
          <reporter-output>
          </reporter-output>
        </test-method> <!-- f1 -->
      </class> <!-- org.paralel.Parallel_test -->
    </test> <!-- Test -->
  </suite> <!-- Suite -->
</testng-results>
